<?xml version="1.0" encoding="UTF-8"?>
<!-- Generated by org.testng.reporters.JUnitXMLReporter -->
<testsuite ignored="0" hostname="Laksh-Laptop" failures="0" tests="4" name="Test" time="23.364" errors="0" timestamp="2021-07-11T14:01:22 IST">
  <testcase classname="Academy.ValidateTitle" name="HomePageLogin" time="0.089"/>
  <testcase classname="Academy.HomePage" name="HomePageLogin" time="5.355"/>
  <testcase classname="Academy.HomePage" name="HomePageLogin" time="2.985"/>
  <testcase classname="Academy.ValidateNavigationBar" name="ValidateNavigation" time="0.144"/>
</testsuite> <!-- Test -->
