<?xml version="1.0" encoding="UTF-8"?>
<!-- Generated by org.testng.reporters.JUnitXMLReporter -->
<testsuite ignored="0" hostname="Laksh-Laptop" failures="0" tests="1" name="Validating Navigation" time="0.088" errors="0" timestamp="2021-07-12T18:56:29 IST">
  <testcase classname="Academy.ValidateNavigationBar" name="@BeforeTest Initialise" time="0.012">
    <failure type="java.lang.NullPointerException" message="Cannot invoke &amp;quot;String.contains(java.lang.CharSequence)&amp;quot; because &amp;quot;Browsername&amp;quot; is null">
      <![CDATA[java.lang.NullPointerException: Cannot invoke "String.contains(java.lang.CharSequence)" because "Browsername" is null
at Resources.Base.initialisedriver(Base.java:31)
at Academy.ValidateNavigationBar.Initialise(ValidateNavigationBar.java:22)
at java.base/java.util.concurrent.FutureTask.run(FutureTask.java:264)
at java.base/java.util.concurrent.ThreadPoolExecutor.runWorker(ThreadPoolExecutor.java:1130)
at java.base/java.util.concurrent.ThreadPoolExecutor$Worker.run(ThreadPoolExecutor.java:630)
at java.base/java.lang.Thread.run(Thread.java:832)
... Removed 15 stack frames]]>
    </failure>
  </testcase> <!-- @BeforeTest Initialise -->
  <testcase classname="Academy.ValidateNavigationBar" name="@AfterTest teardown" time="-1.626096389353E9">
    <skipped/>
  </testcase> <!-- @AfterTest teardown -->
  <testcase classname="Academy.ValidateNavigationBar" name="ValidateNavigation" time="0.0">
    <skipped/>
  </testcase> <!-- ValidateNavigation -->
</testsuite> <!-- Validating Navigation -->
